<?xml version="1.0" encoding="UTF-8"?>
<!-- Generated by org.testng.reporters.JUnitReportReporter -->
<testsuite hostname="DESKTOP-61Q59I9" failures="0" tests="12" name="MyRunner.MyRunner" time="65.616" errors="0" timestamp="2021-10-08T12:13:10 IST" skipped="0">
  <testcase classname="MyRunner.MyRunner" name="runScenario" time="8.550"/>
  <system-out/>
  <testcase classname="MyRunner.MyRunner" name="runScenario" time="4.339"/>
  <system-out/>
  <testcase classname="MyRunner.MyRunner" name="runScenario" time="2.814"/>
  <system-out/>
  <testcase classname="MyRunner.MyRunner" name="runScenario" time="3.408"/>
  <system-out/>
  <testcase classname="MyRunner.MyRunner" name="runScenario" time="4.046"/>
  <system-out/>
  <testcase classname="MyRunner.MyRunner" name="runScenario" time="4.684"/>
  <system-out/>
  <testcase classname="MyRunner.MyRunner" name="runScenario" time="5.370"/>
  <system-out/>
  <testcase classname="MyRunner.MyRunner" name="runScenario" time="6.907"/>
  <system-out/>
  <testcase classname="MyRunner.MyRunner" name="runScenario" time="7.695"/>
  <system-out/>
  <testcase classname="MyRunner.MyRunner" name="runScenario" time="5.428"/>
  <system-out/>
  <testcase classname="MyRunner.MyRunner" name="runScenario" time="7.100"/>
  <system-out/>
  <testcase classname="MyRunner.MyRunner" name="runScenario" time="5.275"/>
  <system-out/>
</testsuite> <!-- MyRunner.MyRunner -->
